2021-11-20 10:20:06,860 [Worker-4] INFO  c.g.t.t.d.PublishedGradleVersions - Gradle version information cache is up-to-date. Trying to read.
2021-11-20 10:21:50,480 [Worker-5] INFO  o.e.m.c.i.l.LifecycleMappingFactory - Using org.eclipse.m2e.jdt.JarLifecycleMapping lifecycle mapping for MavenProject: com:DemoRediffmail:0.0.1-SNAPSHOT @ C:\Users\rakyesh\Automation\Project\20NovProject\DemoRediffmail\pom.xml.
2021-11-20 10:21:58,719 [Worker-5] INFO  o.e.m.j.i.AbstractJavaProjectConfigurator - Adding source folder /DemoRediffmail/src/main/java
2021-11-20 10:21:58,725 [Worker-5] INFO  o.e.m.j.i.AbstractJavaProjectConfigurator - Adding resource folder /DemoRediffmail/src/main/resources
2021-11-20 10:21:58,728 [Worker-5] INFO  o.e.m.j.i.AbstractJavaProjectConfigurator - Adding source folder /DemoRediffmail/src/test/java
2021-11-20 10:21:58,729 [Worker-5] INFO  o.e.m.j.i.AbstractJavaProjectConfigurator - Adding resource folder /DemoRediffmail/src/test/resources
2021-11-20 10:22:10,191 [Worker-11] WARN  o.e.m.c.i.embedder.EclipseLogger - Using platform encoding (Cp1252 actually) to copy filtered resources, i.e. build is platform dependent!
2021-11-20 10:22:10,224 [Worker-11] INFO  o.e.m.c.i.embedder.EclipseLogger - Copying 0 resource
2021-11-20 10:22:10,233 [Worker-11] WARN  o.e.m.c.i.embedder.EclipseLogger - Using platform encoding (Cp1252 actually) to copy filtered resources, i.e. build is platform dependent!
2021-11-20 10:22:10,237 [Worker-11] INFO  o.e.m.c.i.embedder.EclipseLogger - Copying 0 resource
2021-11-20 10:22:51,862 [Worker-2] INFO  o.e.m.c.i.l.LifecycleMappingFactory - Using org.eclipse.m2e.jdt.JarLifecycleMapping lifecycle mapping for MavenProject: com:DemoRediffmail:0.0.1-SNAPSHOT @ C:\Users\rakyesh\Automation\Project\20NovProject\DemoRediffmail\pom.xml.
2021-11-20 10:23:06,736 [Worker-2] WARN  o.e.m.c.i.embedder.EclipseLogger - Using platform encoding (Cp1252 actually) to copy filtered resources, i.e. build is platform dependent!
2021-11-20 10:23:06,773 [Worker-2] INFO  o.e.m.c.i.embedder.EclipseLogger - Copying 0 resource
2021-11-20 10:23:06,780 [Worker-2] WARN  o.e.m.c.i.embedder.EclipseLogger - Using platform encoding (Cp1252 actually) to copy filtered resources, i.e. build is platform dependent!
2021-11-20 10:23:06,784 [Worker-2] INFO  o.e.m.c.i.embedder.EclipseLogger - Copying 0 resource
2021-11-20 10:23:11,772 [Worker-9] WARN  o.e.m.c.i.embedder.EclipseLogger - Using platform encoding (Cp1252 actually) to copy filtered resources, i.e. build is platform dependent!
2021-11-20 10:23:11,806 [Worker-9] INFO  o.e.m.c.i.embedder.EclipseLogger - Copying 0 resource
2021-11-20 10:23:11,810 [Worker-9] WARN  o.e.m.c.i.embedder.EclipseLogger - Using platform encoding (Cp1252 actually) to copy filtered resources, i.e. build is platform dependent!
2021-11-20 10:23:11,814 [Worker-9] INFO  o.e.m.c.i.embedder.EclipseLogger - Copying 0 resource
2021-11-20 10:24:17,077 [Worker-0] WARN  o.e.m.c.i.embedder.EclipseLogger - Using platform encoding (Cp1252 actually) to copy filtered resources, i.e. build is platform dependent!
2021-11-20 10:24:17,083 [Worker-0] INFO  o.e.m.c.i.embedder.EclipseLogger - Copying 0 resource
2021-11-20 10:24:17,105 [Worker-0] WARN  o.e.m.c.i.embedder.EclipseLogger - Using platform encoding (Cp1252 actually) to copy filtered resources, i.e. build is platform dependent!
2021-11-20 10:24:17,141 [Worker-0] INFO  o.e.m.c.i.embedder.EclipseLogger - Copying 0 resource
2021-11-20 10:24:47,776 [Worker-1] WARN  o.e.m.c.i.embedder.EclipseLogger - Using platform encoding (Cp1252 actually) to copy filtered resources, i.e. build is platform dependent!
2021-11-20 10:24:47,779 [Worker-1] INFO  o.e.m.c.i.embedder.EclipseLogger - Copying 0 resource
2021-11-20 10:24:47,785 [Worker-1] WARN  o.e.m.c.i.embedder.EclipseLogger - Using platform encoding (Cp1252 actually) to copy filtered resources, i.e. build is platform dependent!
2021-11-20 10:24:47,796 [Worker-1] INFO  o.e.m.c.i.embedder.EclipseLogger - Copying 0 resource
2021-11-20 10:25:42,459 [Worker-3] WARN  o.e.m.c.i.embedder.EclipseLogger - Using platform encoding (Cp1252 actually) to copy filtered resources, i.e. build is platform dependent!
2021-11-20 10:25:42,463 [Worker-3] INFO  o.e.m.c.i.embedder.EclipseLogger - Copying 0 resource
2021-11-20 10:25:42,468 [Worker-3] WARN  o.e.m.c.i.embedder.EclipseLogger - Using platform encoding (Cp1252 actually) to copy filtered resources, i.e. build is platform dependent!
2021-11-20 10:25:42,477 [Worker-3] INFO  o.e.m.c.i.embedder.EclipseLogger - Copying 0 resource
2021-11-20 10:25:58,139 [Worker-9] WARN  o.e.m.c.i.embedder.EclipseLogger - Using platform encoding (Cp1252 actually) to copy filtered resources, i.e. build is platform dependent!
2021-11-20 10:25:58,148 [Worker-9] INFO  o.e.m.c.i.embedder.EclipseLogger - Copying 0 resource
2021-11-20 10:25:58,155 [Worker-9] WARN  o.e.m.c.i.embedder.EclipseLogger - Using platform encoding (Cp1252 actually) to copy filtered resources, i.e. build is platform dependent!
2021-11-20 10:25:58,166 [Worker-9] INFO  o.e.m.c.i.embedder.EclipseLogger - Copying 0 resource
2021-11-20 10:26:57,187 [Worker-0] WARN  o.e.m.c.i.embedder.EclipseLogger - Using platform encoding (Cp1252 actually) to copy filtered resources, i.e. build is platform dependent!
2021-11-20 10:26:57,192 [Worker-0] INFO  o.e.m.c.i.embedder.EclipseLogger - Copying 0 resource
2021-11-20 10:26:57,198 [Worker-0] WARN  o.e.m.c.i.embedder.EclipseLogger - Using platform encoding (Cp1252 actually) to copy filtered resources, i.e. build is platform dependent!
2021-11-20 10:26:57,202 [Worker-0] INFO  o.e.m.c.i.embedder.EclipseLogger - Copying 0 resource
2021-11-20 10:27:28,357 [Worker-7] WARN  o.e.m.c.i.embedder.EclipseLogger - Using platform encoding (Cp1252 actually) to copy filtered resources, i.e. build is platform dependent!
2021-11-20 10:27:28,362 [Worker-7] INFO  o.e.m.c.i.embedder.EclipseLogger - Copying 0 resource
2021-11-20 10:27:28,369 [Worker-7] WARN  o.e.m.c.i.embedder.EclipseLogger - Using platform encoding (Cp1252 actually) to copy filtered resources, i.e. build is platform dependent!
2021-11-20 10:27:28,376 [Worker-7] INFO  o.e.m.c.i.embedder.EclipseLogger - Copying 0 resource
2021-11-20 10:27:55,006 [Worker-10] WARN  o.e.m.c.i.embedder.EclipseLogger - Using platform encoding (Cp1252 actually) to copy filtered resources, i.e. build is platform dependent!
2021-11-20 10:27:55,013 [Worker-10] INFO  o.e.m.c.i.embedder.EclipseLogger - Copying 0 resource
2021-11-20 10:27:55,016 [Worker-10] WARN  o.e.m.c.i.embedder.EclipseLogger - Using platform encoding (Cp1252 actually) to copy filtered resources, i.e. build is platform dependent!
2021-11-20 10:27:55,020 [Worker-10] INFO  o.e.m.c.i.embedder.EclipseLogger - Copying 0 resource
2021-11-20 10:27:56,277 [Worker-4] WARN  o.e.m.c.i.embedder.EclipseLogger - Using platform encoding (Cp1252 actually) to copy filtered resources, i.e. build is platform dependent!
2021-11-20 10:27:56,281 [Worker-4] INFO  o.e.m.c.i.embedder.EclipseLogger - Copying 0 resource
2021-11-20 10:27:56,285 [Worker-4] WARN  o.e.m.c.i.embedder.EclipseLogger - Using platform encoding (Cp1252 actually) to copy filtered resources, i.e. build is platform dependent!
2021-11-20 10:27:56,288 [Worker-4] INFO  o.e.m.c.i.embedder.EclipseLogger - Copying 0 resource
2021-11-20 10:28:12,738 [Worker-7] WARN  o.e.m.c.i.embedder.EclipseLogger - Using platform encoding (Cp1252 actually) to copy filtered resources, i.e. build is platform dependent!
2021-11-20 10:28:12,743 [Worker-7] INFO  o.e.m.c.i.embedder.EclipseLogger - Copying 0 resource
2021-11-20 10:28:12,748 [Worker-7] WARN  o.e.m.c.i.embedder.EclipseLogger - Using platform encoding (Cp1252 actually) to copy filtered resources, i.e. build is platform dependent!
2021-11-20 10:28:12,754 [Worker-7] INFO  o.e.m.c.i.embedder.EclipseLogger - Copying 0 resource
2021-11-20 10:28:29,925 [Worker-5] WARN  o.e.m.c.i.embedder.EclipseLogger - Using platform encoding (Cp1252 actually) to copy filtered resources, i.e. build is platform dependent!
2021-11-20 10:28:29,929 [Worker-5] INFO  o.e.m.c.i.embedder.EclipseLogger - Copying 0 resource
2021-11-20 10:28:29,933 [Worker-5] WARN  o.e.m.c.i.embedder.EclipseLogger - Using platform encoding (Cp1252 actually) to copy filtered resources, i.e. build is platform dependent!
2021-11-20 10:28:29,939 [Worker-5] INFO  o.e.m.c.i.embedder.EclipseLogger - Copying 0 resource
2021-11-20 10:29:04,955 [Worker-5] INFO  o.e.m.c.i.p.ProjectConfigurationManager - Update started
2021-11-20 10:29:06,707 [Worker-5] INFO  o.e.m.c.i.l.LifecycleMappingFactory - Using org.eclipse.m2e.jdt.JarLifecycleMapping lifecycle mapping for MavenProject: com:DemoRediffmail:0.0.1-SNAPSHOT @ C:\Users\rakyesh\Automation\Project\20NovProject\DemoRediffmail\pom.xml.
2021-11-20 10:29:09,129 [Worker-5] INFO  o.e.m.c.i.e.AbstractTransferListenerAdapter - Downloading https://repo.maven.apache.org/maven2/io/cucumber/messages/maven-metadata.xml
2021-11-20 10:29:09,308 [Worker-5] INFO  o.e.m.c.i.e.AbstractTransferListenerAdapter - Downloaded https://repo.maven.apache.org/maven2/io/cucumber/messages/maven-metadata.xml
2021-11-20 10:29:10,871 [Worker-5] INFO  o.e.m.j.i.AbstractJavaProjectConfigurator - Adding source folder /DemoRediffmail/src/main/java
2021-11-20 10:29:10,872 [Worker-5] INFO  o.e.m.j.i.AbstractJavaProjectConfigurator - Adding resource folder /DemoRediffmail/src/main/resources
2021-11-20 10:29:10,877 [Worker-5] INFO  o.e.m.j.i.AbstractJavaProjectConfigurator - Adding source folder /DemoRediffmail/src/test/java
2021-11-20 10:29:10,878 [Worker-5] INFO  o.e.m.j.i.AbstractJavaProjectConfigurator - Adding resource folder /DemoRediffmail/src/test/resources
2021-11-20 10:29:11,811 [Worker-5] INFO  o.e.m.c.i.p.ProjectConfigurationManager - Update completed: 6 sec
2021-11-20 10:29:14,170 [Worker-1] WARN  o.e.m.c.i.embedder.EclipseLogger - Using platform encoding (Cp1252 actually) to copy filtered resources, i.e. build is platform dependent!
2021-11-20 10:29:14,174 [Worker-1] INFO  o.e.m.c.i.embedder.EclipseLogger - Copying 0 resource
2021-11-20 10:29:14,181 [Worker-1] WARN  o.e.m.c.i.embedder.EclipseLogger - Using platform encoding (Cp1252 actually) to copy filtered resources, i.e. build is platform dependent!
